info: ::1 - - [03/Feb/2022:04:31:48 +0000] "POST /api/v1/users/login HTTP/1.1" 200 268 "-" "PostmanRuntime/7.28.4"

info: ::1 - - [03/Feb/2022:04:32:06 +0000] "POST /api/v1/users/addbook HTTP/1.1" 201 175 "-" "PostmanRuntime/7.28.4"

info: ::1 - - [03/Feb/2022:04:36:12 +0000] "POST /api/v1/users/addbook HTTP/1.1" 500 102 "-" "PostmanRuntime/7.28.4"

info: ::1 - - [03/Feb/2022:04:41:26 +0000] "POST /api/v1/users/addbook HTTP/1.1" 500 102 "-" "PostmanRuntime/7.28.4"

info: ::1 - - [03/Feb/2022:04:42:54 +0000] "POST /api/v1/users/addbook HTTP/1.1" 500 102 "-" "PostmanRuntime/7.28.4"

info: ::1 - - [03/Feb/2022:04:44:28 +0000] "POST /api/v1/users/addbook HTTP/1.1" 500 102 "-" "PostmanRuntime/7.28.4"

info: ::1 - - [03/Feb/2022:04:46:06 +0000] "POST /api/v1/users/addbook HTTP/1.1" 500 102 "-" "PostmanRuntime/7.28.4"

info: ::1 - - [03/Feb/2022:04:46:10 +0000] "GET /1643863566078.jpg HTTP/1.1" 404 47 "-" "Mozilla/5.0 (X11; Linux x86_64) AppleWebKit/537.36 (KHTML, like Gecko) Chrome/96.0.4664.110 Safari/537.36"

info: ::1 - - [03/Feb/2022:04:46:10 +0000] "GET /favicon.ico HTTP/1.1" 404 47 "-" "Mozilla/5.0 (X11; Linux x86_64) AppleWebKit/537.36 (KHTML, like Gecko) Chrome/96.0.4664.110 Safari/537.36"

info: ::1 - - [03/Feb/2022:04:47:52 +0000] "POST /api/v1/users/addbook HTTP/1.1" 500 102 "-" "PostmanRuntime/7.28.4"

info: ::1 - - [03/Feb/2022:04:48:57 +0000] "POST /api/v1/users/addbook HTTP/1.1" 500 102 "-" "PostmanRuntime/7.28.4"

info: ::1 - - [03/Feb/2022:04:51:12 +0000] "POST /api/v1/users/addbook HTTP/1.1" 500 102 "-" "PostmanRuntime/7.28.4"

info: ::1 - - [03/Feb/2022:05:02:16 +0000] "POST /api/v1/users/addbook HTTP/1.1" 500 102 "-" "PostmanRuntime/7.28.4"

info: ::1 - - [03/Feb/2022:05:09:29 +0000] "POST /api/v1/users/addbook HTTP/1.1" 500 102 "-" "PostmanRuntime/7.28.4"

info: ::1 - - [03/Feb/2022:05:12:24 +0000] "POST /api/v1/users/addbook HTTP/1.1" 500 102 "-" "PostmanRuntime/7.28.4"

info: ::1 - - [03/Feb/2022:05:50:00 +0000] "POST /api/v1/users/addbook HTTP/1.1" 500 102 "-" "PostmanRuntime/7.28.4"

info: ::1 - - [03/Feb/2022:06:06:03 +0000] "POST /api/v1/users/addbook HTTP/1.1" 500 414 "-" "PostmanRuntime/7.28.4"

info: ::1 - - [03/Feb/2022:06:08:01 +0000] "POST /api/v1/users/addbook HTTP/1.1" 201 163 "-" "PostmanRuntime/7.28.4"

info: ::1 - - [03/Feb/2022:06:08:56 +0000] "POST /api/v1/users/addbook HTTP/1.1" 500 414 "-" "PostmanRuntime/7.28.4"

info: ::1 - - [03/Feb/2022:06:09:39 +0000] "POST /api/v1/users/addbook HTTP/1.1" 500 414 "-" "PostmanRuntime/7.28.4"

info: ::1 - - [03/Feb/2022:06:10:06 +0000] "POST /api/v1/users/addbook HTTP/1.1" 500 414 "-" "PostmanRuntime/7.28.4"

info: ::1 - - [03/Feb/2022:06:13:20 +0000] "POST /api/v1/users/addbook HTTP/1.1" 201 167 "-" "PostmanRuntime/7.28.4"

info: ::1 - - [03/Feb/2022:06:17:46 +0000] "POST /api/v1/users/addbook HTTP/1.1" 201 167 "-" "PostmanRuntime/7.28.4"

info: ::1 - - [03/Feb/2022:06:19:51 +0000] "POST /api/v1/users/addbook HTTP/1.1" 201 156 "-" "PostmanRuntime/7.28.4"

info: ::1 - - [03/Feb/2022:06:20:29 +0000] "POST /api/v1/users/addbook HTTP/1.1" 201 156 "-" "PostmanRuntime/7.28.4"

info: ::1 - - [03/Feb/2022:06:21:39 +0000] "POST /api/v1/users/addbook HTTP/1.1" 201 156 "-" "PostmanRuntime/7.28.4"

info: ::1 - - [03/Feb/2022:06:25:23 +0000] "GET /api/v1/users/findallbooks HTTP/1.1" 200 433 "-" "PostmanRuntime/7.28.4"

info: ::1 - - [03/Feb/2022:06:25:41 +0000] "GET /api/v1/users/findbookbyid/61fb7473a08f4189f6e5852b HTTP/1.1" 200 284 "-" "PostmanRuntime/7.28.4"

