info: ::1 - - [01/Feb/2022:13:03:23 +0000] "POST /api/v1/users/user HTTP/1.1" 201 339 "-" "PostmanRuntime/7.28.4"

info: ::1 - - [01/Feb/2022:13:03:53 +0000] "POST /api/v1/users/user HTTP/1.1" 201 345 "-" "PostmanRuntime/7.28.4"

info: ::1 - - [01/Feb/2022:13:04:55 +0000] "POST /api/v1/users/admin HTTP/1.1" 201 346 "-" "PostmanRuntime/7.28.4"

info: ::1 - - [01/Feb/2022:13:05:55 +0000] "POST /api/v1/users/login HTTP/1.1" 200 41 "-" "PostmanRuntime/7.28.4"

info: ::1 - - [01/Feb/2022:13:08:23 +0000] "POST /api/v1/users/login HTTP/1.1" 200 41 "-" "PostmanRuntime/7.28.4"

info: ::1 - - [01/Feb/2022:13:08:53 +0000] "POST /api/v1/users/login HTTP/1.1" 200 41 "-" "PostmanRuntime/7.28.4"

info: ::1 - - [01/Feb/2022:13:45:52 +0000] "POST /api/v1/users/login HTTP/1.1" 404 43 "-" "PostmanRuntime/7.28.4"

info: ::1 - - [01/Feb/2022:13:46:29 +0000] "POST /api/v1/users/login HTTP/1.1" 500 53 "-" "PostmanRuntime/7.28.4"

info: ::1 - - [01/Feb/2022:13:47:38 +0000] "POST /api/v1/users/login HTTP/1.1" 500 71 "-" "PostmanRuntime/7.28.4"

info: ::1 - - [01/Feb/2022:13:49:49 +0000] "POST /api/v1/users/login HTTP/1.1" 200 259 "-" "PostmanRuntime/7.28.4"

info: ::1 - - [01/Feb/2022:14:04:53 +0000] "GET /api/v1/users/forgotpassword HTTP/1.1" 404 47 "-" "PostmanRuntime/7.28.4"

info: ::1 - - [01/Feb/2022:14:06:19 +0000] "GET /api/v1/users/forgotpassword HTTP/1.1" 404 47 "-" "PostmanRuntime/7.28.4"

info: ::1 - - [01/Feb/2022:14:06:52 +0000] "POST /api/v1/users/forgotpassword HTTP/1.1" 500 67 "-" "PostmanRuntime/7.28.4"

info: ::1 - - [01/Feb/2022:14:08:13 +0000] "POST /api/v1/users/forgotpassword HTTP/1.1" 500 67 "-" "PostmanRuntime/7.28.4"

info: ::1 - - [01/Feb/2022:14:09:17 +0000] "POST /api/v1/users/forgotpassword HTTP/1.1" 500 67 "-" "PostmanRuntime/7.28.4"

info: ::1 - - [01/Feb/2022:14:21:39 +0000] "POST /api/v1/users/forgotpassword HTTP/1.1" 200 54 "-" "PostmanRuntime/7.28.4"

info: ::1 - - [01/Feb/2022:14:23:53 +0000] "POST /api/v1/users/forgotpassword HTTP/1.1" 200 54 "-" "PostmanRuntime/7.28.4"

info: ::1 - - [01/Feb/2022:14:24:59 +0000] "POST /api/v1/users/forgotpassword HTTP/1.1" 200 54 "-" "PostmanRuntime/7.28.4"

info: ::1 - - [01/Feb/2022:14:38:55 +0000] "POST /api/v1/users/forgotpassword HTTP/1.1" 200 54 "-" "PostmanRuntime/7.28.4"

info: ::1 - - [01/Feb/2022:14:43:10 +0000] "GET /api/v1/users/resetpassword HTTP/1.1" 404 47 "-" "PostmanRuntime/7.28.4"

info: ::1 - - [01/Feb/2022:14:43:48 +0000] "GET /api/v1/users/resetPassword HTTP/1.1" 404 47 "-" "PostmanRuntime/7.28.4"

info: ::1 - - [01/Feb/2022:14:43:52 +0000] "GET /api/v1/users/resetPassword HTTP/1.1" 404 47 "-" "PostmanRuntime/7.28.4"

info: ::1 - - [01/Feb/2022:14:44:23 +0000] "GET /api/v1/users/resetPassword HTTP/1.1" 404 47 "-" "PostmanRuntime/7.28.4"

info: ::1 - - [01/Feb/2022:14:46:08 +0000] "GET /api/v1/users/resetPassword HTTP/1.1" 404 47 "-" "PostmanRuntime/7.28.4"

info: ::1 - - [01/Feb/2022:14:46:19 +0000] "POST /api/v1/users/resetPassword HTTP/1.1" 404 70 "-" "PostmanRuntime/7.28.4"

info: ::1 - - [01/Feb/2022:14:46:56 +0000] "POST /api/v1/users/resetPassword HTTP/1.1" 404 70 "-" "PostmanRuntime/7.28.4"

info: ::1 - - [01/Feb/2022:14:47:11 +0000] "POST /api/v1/users/forgotpassword HTTP/1.1" 200 54 "-" "PostmanRuntime/7.28.4"

info: ::1 - - [01/Feb/2022:14:47:41 +0000] "POST /api/v1/users/resetPassword HTTP/1.1" 404 70 "-" "PostmanRuntime/7.28.4"

info: ::1 - - [01/Feb/2022:14:47:55 +0000] "POST /api/v1/users/resetPassword HTTP/1.1" 404 70 "-" "PostmanRuntime/7.28.4"

info: ::1 - - [01/Feb/2022:14:48:41 +0000] "POST /api/v1/users/forgotpassword HTTP/1.1" 200 54 "-" "PostmanRuntime/7.28.4"

info: ::1 - - [01/Feb/2022:14:49:23 +0000] "POST /api/v1/users/resetPassword HTTP/1.1" 404 70 "-" "PostmanRuntime/7.28.4"

info: ::1 - - [01/Feb/2022:14:50:18 +0000] "POST /api/v1/users/resetPassword HTTP/1.1" 404 70 "-" "PostmanRuntime/7.28.4"

info: ::1 - - [01/Feb/2022:14:57:28 +0000] "POST /api/v1/users/resetPassword HTTP/1.1" 404 70 "-" "PostmanRuntime/7.28.4"

info: ::1 - - [01/Feb/2022:15:00:59 +0000] "POST /api/v1/users/resetPassword HTTP/1.1" 404 70 "-" "PostmanRuntime/7.28.4"

info: ::1 - - [01/Feb/2022:15:02:54 +0000] "POST /api/v1/users/resetPassword HTTP/1.1" 404 70 "-" "PostmanRuntime/7.28.4"

info: ::1 - - [01/Feb/2022:16:05:09 +0000] "POST /api/v1/users/forgotpassword HTTP/1.1" 200 54 "-" "PostmanRuntime/7.28.4"

info: ::1 - - [01/Feb/2022:16:06:14 +0000] "POST /api/v1/users/resetPassword HTTP/1.1" 404 70 "-" "PostmanRuntime/7.28.4"

info: ::1 - - [01/Feb/2022:16:07:45 +0000] "POST /api/v1/users/resetPassword HTTP/1.1" 404 70 "-" "PostmanRuntime/7.28.4"

info: ::1 - - [01/Feb/2022:16:11:50 +0000] "POST /api/v1/users/forgotpassword HTTP/1.1" 200 54 "-" "PostmanRuntime/7.28.4"

info: ::1 - - [01/Feb/2022:16:12:22 +0000] "POST /api/v1/users/resetPassword HTTP/1.1" 404 70 "-" "PostmanRuntime/7.28.4"

info: ::1 - - [01/Feb/2022:16:13:27 +0000] "POST /api/v1/users/resetPassword HTTP/1.1" 404 70 "-" "PostmanRuntime/7.28.4"

info: ::1 - - [01/Feb/2022:16:14:41 +0000] "POST /api/v1/users/forgotpassword HTTP/1.1" 200 54 "-" "PostmanRuntime/7.28.4"

info: ::1 - - [01/Feb/2022:16:18:45 +0000] "POST /api/v1/users/resetPassword HTTP/1.1" 404 70 "-" "PostmanRuntime/7.28.4"

info: ::1 - - [01/Feb/2022:16:19:16 +0000] "POST /api/v1/users/forgotpassword HTTP/1.1" 200 54 "-" "PostmanRuntime/7.28.4"

info: ::1 - - [01/Feb/2022:16:19:55 +0000] "POST /api/v1/users/resetPassword HTTP/1.1" 404 70 "-" "PostmanRuntime/7.28.4"

info: ::1 - - [01/Feb/2022:16:20:54 +0000] "POST /api/v1/users/resetPassword HTTP/1.1" 404 70 "-" "PostmanRuntime/7.28.4"

info: ::1 - - [01/Feb/2022:16:21:42 +0000] "POST /api/v1/users/resetPassword HTTP/1.1" 200 51 "-" "PostmanRuntime/7.28.4"

info: ::1 - - [01/Feb/2022:16:22:29 +0000] "POST /api/v1/users/login HTTP/1.1" 200 268 "-" "PostmanRuntime/7.28.4"

