info: ::1 - - [29/Jan/2022:03:51:57 +0000] "GET /api/v1/users HTTP/1.1" 404 47 "-" "PostmanRuntime/7.28.4"

info: ::1 - - [29/Jan/2022:04:04:51 +0000] "POST /api/v1/users/user HTTP/1.1" 500 188 "-" "PostmanRuntime/7.28.4"

info: ::1 - - [29/Jan/2022:04:05:11 +0000] "POST /api/v1/users/user HTTP/1.1" 500 188 "-" "PostmanRuntime/7.28.4"

info: ::1 - - [29/Jan/2022:04:30:40 +0000] "POST /api/v1/users HTTP/1.1" 404 47 "-" "PostmanRuntime/7.28.4"

info: ::1 - - [29/Jan/2022:04:30:50 +0000] "POST /api/v1/users HTTP/1.1" 404 47 "-" "PostmanRuntime/7.28.4"

info: ::1 - - [29/Jan/2022:04:36:50 +0000] "POST /api/v1/users/getuser HTTP/1.1" 404 47 "-" "PostmanRuntime/7.28.4"

info: ::1 - - [29/Jan/2022:04:38:44 +0000] "POST /api/v1/users/user HTTP/1.1" 500 167 "-" "PostmanRuntime/7.28.4"

info: ::1 - - [29/Jan/2022:04:38:53 +0000] "POST /api/v1/users/user HTTP/1.1" 500 166 "-" "PostmanRuntime/7.28.4"

info: ::1 - - [29/Jan/2022:04:39:42 +0000] "POST /api/v1/users/user HTTP/1.1" 500 168 "-" "PostmanRuntime/7.28.4"

info: ::1 - - [29/Jan/2022:04:39:53 +0000] "POST /api/v1/users/user HTTP/1.1" 500 168 "-" "PostmanRuntime/7.28.4"

info: ::1 - - [29/Jan/2022:04:40:21 +0000] "POST /api/v1/users/admin HTTP/1.1" 500 168 "-" "PostmanRuntime/7.28.4"

info: ::1 - - [29/Jan/2022:04:45:52 +0000] "POST /api/v1/users/admin HTTP/1.1" 500 167 "-" "PostmanRuntime/7.28.4"

info: ::1 - - [29/Jan/2022:04:46:27 +0000] "POST /api/v1/users/admin HTTP/1.1" 500 167 "-" "PostmanRuntime/7.28.4"

info: ::1 - - [29/Jan/2022:04:46:57 +0000] "POST /api/v1/users/admin HTTP/1.1" 500 188 "-" "PostmanRuntime/7.28.4"

info: ::1 - - [29/Jan/2022:04:47:58 +0000] "POST /api/v1/users/admin HTTP/1.1" 500 167 "-" "PostmanRuntime/7.28.4"

info: ::1 - - [29/Jan/2022:04:48:10 +0000] "POST /api/v1/users/admin HTTP/1.1" 500 167 "-" "PostmanRuntime/7.28.4"

info: ::1 - - [29/Jan/2022:04:49:55 +0000] "POST /api/v1/users/admin HTTP/1.1" 500 75 "-" "PostmanRuntime/7.28.4"

info: ::1 - - [29/Jan/2022:04:53:10 +0000] "POST /api/v1/users/admin HTTP/1.1" 500 61 "-" "PostmanRuntime/7.28.4"

info: ::1 - - [29/Jan/2022:04:53:25 +0000] "POST /api/v1/users/user HTTP/1.1" 500 61 "-" "PostmanRuntime/7.28.4"

info: ::1 - - [29/Jan/2022:04:53:49 +0000] "POST /api/v1/users/user HTTP/1.1" 500 61 "-" "PostmanRuntime/7.28.4"

info: ::1 - - [29/Jan/2022:04:55:16 +0000] "POST /api/v1/users HTTP/1.1" 404 47 "-" "PostmanRuntime/7.28.4"

info: ::1 - - [29/Jan/2022:04:56:14 +0000] "POST /api/v1/users/getuser HTTP/1.1" 404 47 "-" "PostmanRuntime/7.28.4"

info: ::1 - - [29/Jan/2022:04:56:34 +0000] "POST /api/v1/users HTTP/1.1" 404 47 "-" "PostmanRuntime/7.28.4"

info: ::1 - - [29/Jan/2022:04:56:44 +0000] "POST /api/v1/users HTTP/1.1" 404 47 "-" "PostmanRuntime/7.28.4"

info: ::1 - - [29/Jan/2022:04:57:29 +0000] "GET /api/v1/users HTTP/1.1" 200 292 "-" "PostmanRuntime/7.28.4"

info: ::1 - - [29/Jan/2022:04:58:56 +0000] "POST /api/v1/users/user HTTP/1.1" 500 188 "-" "PostmanRuntime/7.28.4"

info: ::1 - - [29/Jan/2022:04:59:24 +0000] "POST /api/v1/users/user HTTP/1.1" 500 192 "-" "PostmanRuntime/7.28.4"

info: ::1 - - [29/Jan/2022:05:03:00 +0000] "POST /api/v1/users/user HTTP/1.1" 500 192 "-" "PostmanRuntime/7.28.4"

info: ::1 - - [29/Jan/2022:05:04:39 +0000] "POST /api/v1/users/user HTTP/1.1" 500 192 "-" "PostmanRuntime/7.28.4"

info: ::1 - - [29/Jan/2022:05:04:56 +0000] "POST /api/v1/users/user HTTP/1.1" 500 188 "-" "PostmanRuntime/7.28.4"

info: ::1 - - [29/Jan/2022:05:05:33 +0000] "POST /api/v1/users/user HTTP/1.1" 500 188 "-" "PostmanRuntime/7.28.4"

info: ::1 - - [29/Jan/2022:05:05:52 +0000] "POST /api/v1/users/admin HTTP/1.1" 500 188 "-" "PostmanRuntime/7.28.4"

info: ::1 - - [29/Jan/2022:05:06:07 +0000] "POST /api/v1/users/admin HTTP/1.1" 500 188 "-" "PostmanRuntime/7.28.4"

info: ::1 - - [29/Jan/2022:05:08:18 +0000] "POST /api/v1/users/user HTTP/1.1" 500 167 "-" "PostmanRuntime/7.28.4"

info: ::1 - - [29/Jan/2022:05:09:00 +0000] "POST /api/v1/users/user HTTP/1.1" 201 294 "-" "PostmanRuntime/7.28.4"

info: ::1 - - [29/Jan/2022:05:09:31 +0000] "POST /api/v1/users/admin HTTP/1.1" 500 61 "-" "PostmanRuntime/7.28.4"

info: ::1 - - [29/Jan/2022:05:09:49 +0000] "POST /api/v1/users/admin HTTP/1.1" 500 61 "-" "PostmanRuntime/7.28.4"

info: ::1 - - [29/Jan/2022:05:10:29 +0000] "POST /api/v1/users/admin HTTP/1.1" 201 289 "-" "PostmanRuntime/7.28.4"

info: ::1 - - [29/Jan/2022:06:47:38 +0000] "POST /api/v1/users/admin HTTP/1.1" 201 290 "-" "PostmanRuntime/7.28.4"

