info: ::1 - - [09/Feb/2022:04:36:50 +0000] "POST /api/v1/users/login HTTP/1.1" 404 43 "-" "PostmanRuntime/7.28.4"

info: ::1 - - [09/Feb/2022:04:37:18 +0000] "POST /api/v1/users/user HTTP/1.1" 500 61 "-" "PostmanRuntime/7.28.4"

info: ::1 - - [09/Feb/2022:04:37:36 +0000] "GET /api/v1/users/admin HTTP/1.1" 404 47 "-" "PostmanRuntime/7.28.4"

info: ::1 - - [09/Feb/2022:04:41:42 +0000] "POST /api/v1/users/login HTTP/1.1" 404 43 "-" "PostmanRuntime/7.28.4"

info: ::1 - - [09/Feb/2022:04:42:02 +0000] "GET /api/v1/users/admin HTTP/1.1" 404 47 "-" "PostmanRuntime/7.28.4"

info: ::1 - - [09/Feb/2022:04:42:38 +0000] "POST /api/v1/users/admin HTTP/1.1" 500 61 "-" "PostmanRuntime/7.28.4"

info: ::1 - - [09/Feb/2022:04:43:01 +0000] "POST /api/v1/users/login HTTP/1.1" 200 259 "-" "PostmanRuntime/7.28.4"

info: ::1 - - [09/Feb/2022:04:43:33 +0000] "PUT /api/v1/users/addtocart/61fc8b2a3f2ecc0bc121352e HTTP/1.1" 200 58 "-" "PostmanRuntime/7.28.4"

info: ::1 - - [09/Feb/2022:04:45:32 +0000] "PUT /api/v1/users/removefromcart/61fc8b2a3f2ecc0bc121352e HTTP/1.1" 404 48 "-" "PostmanRuntime/7.28.4"

info: ::1 - - [09/Feb/2022:04:46:05 +0000] "PUT /api/v1/users/removefromcart/620346758afb062c792e63d4 HTTP/1.1" 404 48 "-" "PostmanRuntime/7.28.4"

info: ::1 - - [09/Feb/2022:04:48:42 +0000] "PUT /api/v1/users/removefromcart/620346758afb062c792e63d5 HTTP/1.1" 404 48 "-" "PostmanRuntime/7.28.4"

info: ::1 - - [09/Feb/2022:04:48:52 +0000] "PUT /api/v1/users/removefromcart/620346758afb062c792e63d5 HTTP/1.1" 404 48 "-" "PostmanRuntime/7.28.4"

info: ::1 - - [09/Feb/2022:04:49:16 +0000] "GET /api/v1/users/findallbooks HTTP/1.1" 200 751 "-" "PostmanRuntime/7.28.4"

info: ::1 - - [09/Feb/2022:04:51:17 +0000] "PUT /api/v1/users/removefromcart/61fc8b2a3f2ecc0bc121352e HTTP/1.1" 404 48 "-" "PostmanRuntime/7.28.4"

info: ::1 - - [09/Feb/2022:04:52:08 +0000] "PUT /api/v1/users/removefromcart/61fc8b2a3f2ecc0bc121352e HTTP/1.1" 404 48 "-" "PostmanRuntime/7.28.4"

info: ::1 - - [09/Feb/2022:04:54:41 +0000] "PUT /api/v1/users/removefromcart/61fc8b2a3f2ecc0bc121352e HTTP/1.1" 404 48 "-" "PostmanRuntime/7.28.4"

info: ::1 - - [09/Feb/2022:04:59:24 +0000] "PUT /api/v1/users/removefromcart/61fc8b2a3f2ecc0bc121352e HTTP/1.1" 404 48 "-" "PostmanRuntime/7.28.4"

info: ::1 - - [09/Feb/2022:05:01:35 +0000] "PUT /api/v1/users/removefromcart/61fc8b2a3f2ecc0bc121352e HTTP/1.1" 404 48 "-" "PostmanRuntime/7.28.4"

info: ::1 - - [09/Feb/2022:05:02:20 +0000] "PUT /api/v1/users/removefromcart/61fc8b2a3f2ecc0bc121352e HTTP/1.1" 200 60 "-" "PostmanRuntime/7.28.4"

info: ::1 - - [09/Feb/2022:05:06:51 +0000] "GET /api/v1/users/searchbook/Data%20Sc HTTP/1.1" 500 55 "-" "PostmanRuntime/7.28.4"

info: ::1 - - [09/Feb/2022:05:07:22 +0000] "GET /api/v1/users/searchbook/Data%20Sc HTTP/1.1" 200 272 "-" "PostmanRuntime/7.28.4"

info: ::1 - - [09/Feb/2022:06:06:56 +0000] "GET /api/v1/users/searchbook/data%20Sc HTTP/1.1" 404 39 "-" "PostmanRuntime/7.28.4"

info: ::1 - - [09/Feb/2022:06:07:06 +0000] "GET /api/v1/users/searchbook/Data%20Sc HTTP/1.1" 200 272 "-" "PostmanRuntime/7.28.4"

info: ::1 - - [09/Feb/2022:06:17:57 +0000] "GET /api/v1/users/searchbook/Data%20Sc HTTP/1.1" 200 272 "-" "PostmanRuntime/7.28.4"

info: ::1 - - [09/Feb/2022:06:18:15 +0000] "GET /api/v1/users/searchbook/Move%20Like%20u%20want HTTP/1.1" 200 527 "-" "PostmanRuntime/7.28.4"

