info: ::1 - - [11/Feb/2022:04:32:09 +0000] "POST /api/v1/users/login HTTP/1.1" 404 43 "-" "PostmanRuntime/7.28.4"

info: ::1 - - [11/Feb/2022:04:32:51 +0000] "POST /api/v1/users/login HTTP/1.1" 404 43 "-" "PostmanRuntime/7.28.4"

info: ::1 - - [11/Feb/2022:04:35:03 +0000] "POST /api/v1/users/login HTTP/1.1" 200 260 "-" "PostmanRuntime/7.28.4"

info: ::1 - - [11/Feb/2022:04:35:36 +0000] "PUT /api/v1/carts/placeorder HTTP/1.1" 400 56 "-" "PostmanRuntime/7.28.4"

info: ::1 - - [11/Feb/2022:04:35:59 +0000] "PUT /api/v1/carts/placeorder HTTP/1.1" 200 96 "-" "PostmanRuntime/7.28.4"

info: ::1 - - [11/Feb/2022:04:42:11 +0000] "GET /api/v1/carts/viewcart HTTP/1.1" 404 44 "-" "PostmanRuntime/7.28.4"

info: ::1 - - [11/Feb/2022:04:43:18 +0000] "POST /api/v1/users/login HTTP/1.1" 200 259 "-" "PostmanRuntime/7.28.4"

info: ::1 - - [11/Feb/2022:04:43:47 +0000] "POST /api/v1/users/login HTTP/1.1" 401 43 "-" "PostmanRuntime/7.28.4"

info: ::1 - - [11/Feb/2022:04:47:56 +0000] "POST /api/v1/users/login HTTP/1.1" 200 260 "-" "PostmanRuntime/7.28.4"

info: ::1 - - [11/Feb/2022:04:49:38 +0000] "PUT /api/v1/carts/addtocart/:bookId HTTP/1.1" 500 129 "-" "PostmanRuntime/7.28.4"

info: ::1 - - [11/Feb/2022:04:50:02 +0000] "PUT /api/v1/carts/addtocart/61fc8b2a3f2ecc0bc121352e HTTP/1.1" 307 33 "-" "PostmanRuntime/7.28.4"

info: ::1 - - [11/Feb/2022:04:50:50 +0000] "PUT /api/v1/carts/addtocart/62049f6bb4d275f0c8829724 HTTP/1.1" 200 58 "-" "PostmanRuntime/7.28.4"

info: ::1 - - [11/Feb/2022:04:51:37 +0000] "GET /api/v1/carts/viewcart HTTP/1.1" 401 45 "-" "PostmanRuntime/7.28.4"

info: ::1 - - [11/Feb/2022:04:51:59 +0000] "GET /api/v1/carts/viewcart HTTP/1.1" 200 264 "-" "PostmanRuntime/7.28.4"

info: ::1 - - [11/Feb/2022:04:52:23 +0000] "PUT /api/v1/carts/placeorder HTTP/1.1" 200 96 "-" "PostmanRuntime/7.28.4"

info: ::1 - - [11/Feb/2022:04:59:31 +0000] "GET /api/v1/carts/viewcart HTTP/1.1" 404 44 "-" "PostmanRuntime/7.28.4"

info: ::1 - - [11/Feb/2022:04:59:56 +0000] "GET /api/v1/carts/viewcart HTTP/1.1" 404 44 "-" "PostmanRuntime/7.28.4"

info: ::1 - - [11/Feb/2022:05:00:48 +0000] "PUT /api/v1/carts/addtocart/62049f6bb4d275f0c8829724 HTTP/1.1" 200 58 "-" "PostmanRuntime/7.28.4"

info: ::1 - - [11/Feb/2022:05:01:41 +0000] "GET /api/v1/docs/ HTTP/1.1" 304 - "-" "Mozilla/5.0 (X11; Linux x86_64) AppleWebKit/537.36 (KHTML, like Gecko) Chrome/96.0.4664.110 Safari/537.36"

info: ::1 - - [11/Feb/2022:05:01:41 +0000] "GET /api/v1/docs/swagger-ui.css HTTP/1.1" 304 - "-" "Mozilla/5.0 (X11; Linux x86_64) AppleWebKit/537.36 (KHTML, like Gecko) Chrome/96.0.4664.110 Safari/537.36"

info: ::1 - - [11/Feb/2022:05:01:41 +0000] "GET /api/v1/docs/swagger-ui-init.js HTTP/1.1" 200 25686 "-" "Mozilla/5.0 (X11; Linux x86_64) AppleWebKit/537.36 (KHTML, like Gecko) Chrome/96.0.4664.110 Safari/537.36"

info: ::1 - - [11/Feb/2022:05:01:41 +0000] "GET /api/v1/docs/swagger-ui-bundle.js HTTP/1.1" 304 - "-" "Mozilla/5.0 (X11; Linux x86_64) AppleWebKit/537.36 (KHTML, like Gecko) Chrome/96.0.4664.110 Safari/537.36"

info: ::1 - - [11/Feb/2022:05:01:41 +0000] "GET /api/v1/docs/swagger-ui-standalone-preset.js HTTP/1.1" 304 - "-" "Mozilla/5.0 (X11; Linux x86_64) AppleWebKit/537.36 (KHTML, like Gecko) Chrome/96.0.4664.110 Safari/537.36"

info: ::1 - - [11/Feb/2022:05:07:46 +0000] "PUT /api/v1/carts/addtocart HTTP/1.1" 200 58 "-" "PostmanRuntime/7.28.4"

info: ::1 - - [11/Feb/2022:05:07:53 +0000] "GET /api/v1/docs/ HTTP/1.1" 304 - "-" "Mozilla/5.0 (X11; Linux x86_64) AppleWebKit/537.36 (KHTML, like Gecko) Chrome/96.0.4664.110 Safari/537.36"

info: ::1 - - [11/Feb/2022:05:07:53 +0000] "GET /api/v1/docs/swagger-ui.css HTTP/1.1" 304 - "-" "Mozilla/5.0 (X11; Linux x86_64) AppleWebKit/537.36 (KHTML, like Gecko) Chrome/96.0.4664.110 Safari/537.36"

info: ::1 - - [11/Feb/2022:05:07:53 +0000] "GET /api/v1/docs/swagger-ui-init.js HTTP/1.1" 200 25675 "-" "Mozilla/5.0 (X11; Linux x86_64) AppleWebKit/537.36 (KHTML, like Gecko) Chrome/96.0.4664.110 Safari/537.36"

info: ::1 - - [11/Feb/2022:05:07:53 +0000] "GET /api/v1/docs/swagger-ui-bundle.js HTTP/1.1" 304 - "-" "Mozilla/5.0 (X11; Linux x86_64) AppleWebKit/537.36 (KHTML, like Gecko) Chrome/96.0.4664.110 Safari/537.36"

info: ::1 - - [11/Feb/2022:05:07:53 +0000] "GET /api/v1/docs/swagger-ui-standalone-preset.js HTTP/1.1" 304 - "-" "Mozilla/5.0 (X11; Linux x86_64) AppleWebKit/537.36 (KHTML, like Gecko) Chrome/96.0.4664.110 Safari/537.36"

info: ::1 - - [11/Feb/2022:05:07:54 +0000] "GET /api/v1/docs/favicon-32x32.png HTTP/1.1" 304 - "-" "Mozilla/5.0 (X11; Linux x86_64) AppleWebKit/537.36 (KHTML, like Gecko) Chrome/96.0.4664.110 Safari/537.36"

info: ::1 - - [11/Feb/2022:05:12:47 +0000] "GET /api/v1/docs/ HTTP/1.1" 304 - "-" "Mozilla/5.0 (X11; Linux x86_64) AppleWebKit/537.36 (KHTML, like Gecko) Chrome/96.0.4664.110 Safari/537.36"

info: ::1 - - [11/Feb/2022:05:12:47 +0000] "GET /api/v1/docs/swagger-ui.css HTTP/1.1" 304 - "-" "Mozilla/5.0 (X11; Linux x86_64) AppleWebKit/537.36 (KHTML, like Gecko) Chrome/96.0.4664.110 Safari/537.36"

info: ::1 - - [11/Feb/2022:05:12:47 +0000] "GET /api/v1/docs/swagger-ui-bundle.js HTTP/1.1" 304 - "-" "Mozilla/5.0 (X11; Linux x86_64) AppleWebKit/537.36 (KHTML, like Gecko) Chrome/96.0.4664.110 Safari/537.36"

info: ::1 - - [11/Feb/2022:05:12:47 +0000] "GET /api/v1/docs/swagger-ui-standalone-preset.js HTTP/1.1" 304 - "-" "Mozilla/5.0 (X11; Linux x86_64) AppleWebKit/537.36 (KHTML, like Gecko) Chrome/96.0.4664.110 Safari/537.36"

info: ::1 - - [11/Feb/2022:05:12:47 +0000] "GET /api/v1/docs/swagger-ui-init.js HTTP/1.1" 304 - "-" "Mozilla/5.0 (X11; Linux x86_64) AppleWebKit/537.36 (KHTML, like Gecko) Chrome/96.0.4664.110 Safari/537.36"

info: ::1 - - [11/Feb/2022:05:12:48 +0000] "GET /api/v1/docs/favicon-32x32.png HTTP/1.1" 304 - "-" "Mozilla/5.0 (X11; Linux x86_64) AppleWebKit/537.36 (KHTML, like Gecko) Chrome/96.0.4664.110 Safari/537.36"

info: ::1 - - [11/Feb/2022:05:12:52 +0000] "GET /api/v1/docs/ HTTP/1.1" 304 - "-" "Mozilla/5.0 (X11; Linux x86_64) AppleWebKit/537.36 (KHTML, like Gecko) Chrome/96.0.4664.110 Safari/537.36"

info: ::1 - - [11/Feb/2022:05:12:53 +0000] "GET /api/v1/docs/swagger-ui.css HTTP/1.1" 304 - "-" "Mozilla/5.0 (X11; Linux x86_64) AppleWebKit/537.36 (KHTML, like Gecko) Chrome/96.0.4664.110 Safari/537.36"

info: ::1 - - [11/Feb/2022:05:12:53 +0000] "GET /api/v1/docs/swagger-ui-bundle.js HTTP/1.1" 304 - "-" "Mozilla/5.0 (X11; Linux x86_64) AppleWebKit/537.36 (KHTML, like Gecko) Chrome/96.0.4664.110 Safari/537.36"

info: ::1 - - [11/Feb/2022:05:12:53 +0000] "GET /api/v1/docs/swagger-ui-standalone-preset.js HTTP/1.1" 304 - "-" "Mozilla/5.0 (X11; Linux x86_64) AppleWebKit/537.36 (KHTML, like Gecko) Chrome/96.0.4664.110 Safari/537.36"

info: ::1 - - [11/Feb/2022:05:12:53 +0000] "GET /api/v1/docs/swagger-ui-init.js HTTP/1.1" 304 - "-" "Mozilla/5.0 (X11; Linux x86_64) AppleWebKit/537.36 (KHTML, like Gecko) Chrome/96.0.4664.110 Safari/537.36"

info: ::1 - - [11/Feb/2022:05:12:53 +0000] "GET /api/v1/docs/favicon-32x32.png HTTP/1.1" 304 - "-" "Mozilla/5.0 (X11; Linux x86_64) AppleWebKit/537.36 (KHTML, like Gecko) Chrome/96.0.4664.110 Safari/537.36"

info: ::1 - - [11/Feb/2022:05:17:44 +0000] "GET /api/v1/docs/ HTTP/1.1" 304 - "-" "Mozilla/5.0 (X11; Linux x86_64) AppleWebKit/537.36 (KHTML, like Gecko) Chrome/96.0.4664.110 Safari/537.36"

info: ::1 - - [11/Feb/2022:05:17:44 +0000] "GET /api/v1/docs/swagger-ui.css HTTP/1.1" 304 - "-" "Mozilla/5.0 (X11; Linux x86_64) AppleWebKit/537.36 (KHTML, like Gecko) Chrome/96.0.4664.110 Safari/537.36"

info: ::1 - - [11/Feb/2022:05:17:44 +0000] "GET /api/v1/docs/swagger-ui-bundle.js HTTP/1.1" 304 - "-" "Mozilla/5.0 (X11; Linux x86_64) AppleWebKit/537.36 (KHTML, like Gecko) Chrome/96.0.4664.110 Safari/537.36"

info: ::1 - - [11/Feb/2022:05:17:44 +0000] "GET /api/v1/docs/swagger-ui-standalone-preset.js HTTP/1.1" 304 - "-" "Mozilla/5.0 (X11; Linux x86_64) AppleWebKit/537.36 (KHTML, like Gecko) Chrome/96.0.4664.110 Safari/537.36"

info: ::1 - - [11/Feb/2022:05:17:44 +0000] "GET /api/v1/docs/swagger-ui-init.js HTTP/1.1" 200 25648 "-" "Mozilla/5.0 (X11; Linux x86_64) AppleWebKit/537.36 (KHTML, like Gecko) Chrome/96.0.4664.110 Safari/537.36"

info: ::1 - - [11/Feb/2022:05:17:45 +0000] "GET /api/v1/docs/favicon-32x32.png HTTP/1.1" 304 - "-" "Mozilla/5.0 (X11; Linux x86_64) AppleWebKit/537.36 (KHTML, like Gecko) Chrome/96.0.4664.110 Safari/537.36"

info: ::1 - - [11/Feb/2022:05:19:05 +0000] "PUT /api/v1/carts/addtocart HTTP/1.1" 200 58 "-" "Mozilla/5.0 (X11; Linux x86_64) AppleWebKit/537.36 (KHTML, like Gecko) Chrome/96.0.4664.110 Safari/537.36"

info: ::1 - - [11/Feb/2022:05:21:15 +0000] "GET /api/v1/docs/ HTTP/1.1" 304 - "-" "Mozilla/5.0 (X11; Linux x86_64) AppleWebKit/537.36 (KHTML, like Gecko) Chrome/96.0.4664.110 Safari/537.36"

info: ::1 - - [11/Feb/2022:05:21:15 +0000] "GET /api/v1/docs/swagger-ui.css HTTP/1.1" 304 - "-" "Mozilla/5.0 (X11; Linux x86_64) AppleWebKit/537.36 (KHTML, like Gecko) Chrome/96.0.4664.110 Safari/537.36"

info: ::1 - - [11/Feb/2022:05:21:15 +0000] "GET /api/v1/docs/swagger-ui-bundle.js HTTP/1.1" 304 - "-" "Mozilla/5.0 (X11; Linux x86_64) AppleWebKit/537.36 (KHTML, like Gecko) Chrome/96.0.4664.110 Safari/537.36"

info: ::1 - - [11/Feb/2022:05:21:15 +0000] "GET /api/v1/docs/swagger-ui-init.js HTTP/1.1" 200 25649 "-" "Mozilla/5.0 (X11; Linux x86_64) AppleWebKit/537.36 (KHTML, like Gecko) Chrome/96.0.4664.110 Safari/537.36"

info: ::1 - - [11/Feb/2022:05:21:15 +0000] "GET /api/v1/docs/swagger-ui-standalone-preset.js HTTP/1.1" 304 - "-" "Mozilla/5.0 (X11; Linux x86_64) AppleWebKit/537.36 (KHTML, like Gecko) Chrome/96.0.4664.110 Safari/537.36"

info: ::1 - - [11/Feb/2022:05:21:16 +0000] "GET /api/v1/docs/favicon-32x32.png HTTP/1.1" 304 - "-" "Mozilla/5.0 (X11; Linux x86_64) AppleWebKit/537.36 (KHTML, like Gecko) Chrome/96.0.4664.110 Safari/537.36"

info: ::1 - - [11/Feb/2022:05:21:51 +0000] "PUT /api/v1/carts/removefromcart/62049f6bb4d275f0c8829724 HTTP/1.1" 200 60 "-" "Mozilla/5.0 (X11; Linux x86_64) AppleWebKit/537.36 (KHTML, like Gecko) Chrome/96.0.4664.110 Safari/537.36"

info: ::1 - - [11/Feb/2022:05:43:34 +0000] "GET /api/v1/docs/ HTTP/1.1" 304 - "-" "Mozilla/5.0 (X11; Linux x86_64) AppleWebKit/537.36 (KHTML, like Gecko) Chrome/96.0.4664.110 Safari/537.36"

info: ::1 - - [11/Feb/2022:05:43:34 +0000] "GET /api/v1/docs/swagger-ui.css HTTP/1.1" 304 - "-" "Mozilla/5.0 (X11; Linux x86_64) AppleWebKit/537.36 (KHTML, like Gecko) Chrome/96.0.4664.110 Safari/537.36"

info: ::1 - - [11/Feb/2022:05:43:34 +0000] "GET /api/v1/docs/swagger-ui-bundle.js HTTP/1.1" 304 - "-" "Mozilla/5.0 (X11; Linux x86_64) AppleWebKit/537.36 (KHTML, like Gecko) Chrome/96.0.4664.110 Safari/537.36"

info: ::1 - - [11/Feb/2022:05:43:34 +0000] "GET /api/v1/docs/swagger-ui-standalone-preset.js HTTP/1.1" 304 - "-" "Mozilla/5.0 (X11; Linux x86_64) AppleWebKit/537.36 (KHTML, like Gecko) Chrome/96.0.4664.110 Safari/537.36"

info: ::1 - - [11/Feb/2022:05:43:34 +0000] "GET /api/v1/docs/swagger-ui-init.js HTTP/1.1" 200 25664 "-" "Mozilla/5.0 (X11; Linux x86_64) AppleWebKit/537.36 (KHTML, like Gecko) Chrome/96.0.4664.110 Safari/537.36"

info: ::1 - - [11/Feb/2022:05:43:35 +0000] "GET /api/v1/docs/favicon-32x32.png HTTP/1.1" 304 - "-" "Mozilla/5.0 (X11; Linux x86_64) AppleWebKit/537.36 (KHTML, like Gecko) Chrome/96.0.4664.110 Safari/537.36"

info: ::1 - - [11/Feb/2022:05:44:48 +0000] "GET /api/v1/docs/ HTTP/1.1" 304 - "-" "Mozilla/5.0 (X11; Linux x86_64) AppleWebKit/537.36 (KHTML, like Gecko) Chrome/96.0.4664.110 Safari/537.36"

info: ::1 - - [11/Feb/2022:05:44:48 +0000] "GET /api/v1/docs/swagger-ui.css HTTP/1.1" 304 - "-" "Mozilla/5.0 (X11; Linux x86_64) AppleWebKit/537.36 (KHTML, like Gecko) Chrome/96.0.4664.110 Safari/537.36"

info: ::1 - - [11/Feb/2022:05:44:48 +0000] "GET /api/v1/docs/swagger-ui-bundle.js HTTP/1.1" 304 - "-" "Mozilla/5.0 (X11; Linux x86_64) AppleWebKit/537.36 (KHTML, like Gecko) Chrome/96.0.4664.110 Safari/537.36"

info: ::1 - - [11/Feb/2022:05:44:48 +0000] "GET /api/v1/docs/swagger-ui-standalone-preset.js HTTP/1.1" 304 - "-" "Mozilla/5.0 (X11; Linux x86_64) AppleWebKit/537.36 (KHTML, like Gecko) Chrome/96.0.4664.110 Safari/537.36"

info: ::1 - - [11/Feb/2022:05:44:48 +0000] "GET /api/v1/docs/swagger-ui-init.js HTTP/1.1" 304 - "-" "Mozilla/5.0 (X11; Linux x86_64) AppleWebKit/537.36 (KHTML, like Gecko) Chrome/96.0.4664.110 Safari/537.36"

info: ::1 - - [11/Feb/2022:05:44:49 +0000] "GET /api/v1/docs/favicon-32x32.png HTTP/1.1" 304 - "-" "Mozilla/5.0 (X11; Linux x86_64) AppleWebKit/537.36 (KHTML, like Gecko) Chrome/96.0.4664.110 Safari/537.36"

info: ::1 - - [11/Feb/2022:06:10:03 +0000] "GET /api/v1/docs/ HTTP/1.1" 304 - "-" "Mozilla/5.0 (X11; Linux x86_64) AppleWebKit/537.36 (KHTML, like Gecko) Chrome/96.0.4664.110 Safari/537.36"

info: ::1 - - [11/Feb/2022:06:10:03 +0000] "GET /api/v1/docs/swagger-ui.css HTTP/1.1" 304 - "-" "Mozilla/5.0 (X11; Linux x86_64) AppleWebKit/537.36 (KHTML, like Gecko) Chrome/96.0.4664.110 Safari/537.36"

info: ::1 - - [11/Feb/2022:06:10:03 +0000] "GET /api/v1/docs/swagger-ui-init.js HTTP/1.1" 200 26687 "-" "Mozilla/5.0 (X11; Linux x86_64) AppleWebKit/537.36 (KHTML, like Gecko) Chrome/96.0.4664.110 Safari/537.36"

info: ::1 - - [11/Feb/2022:06:10:03 +0000] "GET /api/v1/docs/swagger-ui-bundle.js HTTP/1.1" 304 - "-" "Mozilla/5.0 (X11; Linux x86_64) AppleWebKit/537.36 (KHTML, like Gecko) Chrome/96.0.4664.110 Safari/537.36"

info: ::1 - - [11/Feb/2022:06:10:03 +0000] "GET /api/v1/docs/swagger-ui-standalone-preset.js HTTP/1.1" 304 - "-" "Mozilla/5.0 (X11; Linux x86_64) AppleWebKit/537.36 (KHTML, like Gecko) Chrome/96.0.4664.110 Safari/537.36"

info: ::1 - - [11/Feb/2022:06:10:05 +0000] "GET /api/v1/docs/favicon-32x32.png HTTP/1.1" 304 - "-" "Mozilla/5.0 (X11; Linux x86_64) AppleWebKit/537.36 (KHTML, like Gecko) Chrome/96.0.4664.110 Safari/537.36"

info: ::1 - - [11/Feb/2022:06:18:37 +0000] "GET /api/v1/docs/ HTTP/1.1" 304 - "-" "Mozilla/5.0 (X11; Linux x86_64) AppleWebKit/537.36 (KHTML, like Gecko) Chrome/96.0.4664.110 Safari/537.36"

info: ::1 - - [11/Feb/2022:06:18:43 +0000] "GET /api/v1/docs/swagger-ui-standalone-preset.js HTTP/1.1" 304 - "-" "Mozilla/5.0 (X11; Linux x86_64) AppleWebKit/537.36 (KHTML, like Gecko) Chrome/96.0.4664.110 Safari/537.36"

info: ::1 - - [11/Feb/2022:06:18:43 +0000] "GET /api/v1/docs/swagger-ui.css HTTP/1.1" 304 - "-" "Mozilla/5.0 (X11; Linux x86_64) AppleWebKit/537.36 (KHTML, like Gecko) Chrome/96.0.4664.110 Safari/537.36"

info: ::1 - - [11/Feb/2022:06:18:43 +0000] "GET /api/v1/docs/swagger-ui-init.js HTTP/1.1" 304 - "-" "Mozilla/5.0 (X11; Linux x86_64) AppleWebKit/537.36 (KHTML, like Gecko) Chrome/96.0.4664.110 Safari/537.36"

info: ::1 - - [11/Feb/2022:06:18:43 +0000] "GET /api/v1/docs/swagger-ui-bundle.js HTTP/1.1" 304 - "-" "Mozilla/5.0 (X11; Linux x86_64) AppleWebKit/537.36 (KHTML, like Gecko) Chrome/96.0.4664.110 Safari/537.36"

info: ::1 - - [11/Feb/2022:06:18:46 +0000] "GET /api/v1/docs/favicon-32x32.png HTTP/1.1" 304 - "-" "Mozilla/5.0 (X11; Linux x86_64) AppleWebKit/537.36 (KHTML, like Gecko) Chrome/96.0.4664.110 Safari/537.36"

info: ::1 - - [11/Feb/2022:06:18:58 +0000] "GET /api/v1/docs/ HTTP/1.1" 200 3102 "-" "Mozilla/5.0 (X11; Linux x86_64) AppleWebKit/537.36 (KHTML, like Gecko) Chrome/96.0.4664.110 Safari/537.36"

info: ::1 - - [11/Feb/2022:06:18:59 +0000] "GET /api/v1/docs/swagger-ui-init.js HTTP/1.1" 200 26687 "-" "Mozilla/5.0 (X11; Linux x86_64) AppleWebKit/537.36 (KHTML, like Gecko) Chrome/96.0.4664.110 Safari/537.36"

info: ::1 - - [11/Feb/2022:06:18:59 +0000] "GET /api/v1/docs/swagger-ui-standalone-preset.js HTTP/1.1" 200 319759 "-" "Mozilla/5.0 (X11; Linux x86_64) AppleWebKit/537.36 (KHTML, like Gecko) Chrome/96.0.4664.110 Safari/537.36"

info: ::1 - - [11/Feb/2022:06:18:59 +0000] "GET /api/v1/docs/swagger-ui-bundle.js HTTP/1.1" 200 1079405 "-" "Mozilla/5.0 (X11; Linux x86_64) AppleWebKit/537.36 (KHTML, like Gecko) Chrome/96.0.4664.110 Safari/537.36"

info: ::1 - - [11/Feb/2022:06:18:59 +0000] "GET /api/v1/docs/swagger-ui.css HTTP/1.1" 200 143858 "-" "Mozilla/5.0 (X11; Linux x86_64) AppleWebKit/537.36 (KHTML, like Gecko) Chrome/96.0.4664.110 Safari/537.36"

info: ::1 - - [11/Feb/2022:06:19:01 +0000] "GET /api/v1/docs/favicon-32x32.png HTTP/1.1" 200 628 "-" "Mozilla/5.0 (X11; Linux x86_64) AppleWebKit/537.36 (KHTML, like Gecko) Chrome/96.0.4664.110 Safari/537.36"

