info: ::1 - - [04/Feb/2022:01:54:46 +0000] "POST /api/v1/users/login HTTP/1.1" 200 268 "-" "PostmanRuntime/7.28.4"

info: ::1 - - [04/Feb/2022:01:55:55 +0000] "POST /api/v1/users/addbook HTTP/1.1" 500 85 "-" "PostmanRuntime/7.28.4"

info: ::1 - - [04/Feb/2022:02:05:53 +0000] "POST /api/v1/users/addbook HTTP/1.1" 500 57 "-" "PostmanRuntime/7.28.4"

info: ::1 - - [04/Feb/2022:02:08:00 +0000] "POST /api/v1/users/addbook HTTP/1.1" 500 57 "-" "PostmanRuntime/7.28.4"

info: ::1 - - [04/Feb/2022:02:10:00 +0000] "POST /api/v1/users/addbook HTTP/1.1" 500 56 "-" "PostmanRuntime/7.28.4"

info: ::1 - - [04/Feb/2022:02:10:50 +0000] "POST /api/v1/users/addbook HTTP/1.1" 201 234 "-" "PostmanRuntime/7.28.4"

info: ::1 - - [04/Feb/2022:02:13:31 +0000] "GET /api/v1/users/findallbooks HTTP/1.1" 200 674 "-" "PostmanRuntime/7.28.4"

info: ::1 - - [04/Feb/2022:02:16:21 +0000] "POST /api/v1/users/updatebook/61fc8b2a3f2ecc0bc121352e HTTP/1.1" - - "-" "PostmanRuntime/7.28.4"

info: ::1 - - [04/Feb/2022:02:18:44 +0000] "POST /api/v1/users/updatebook/61fc8b2a3f2ecc0bc121352e HTTP/1.1" - - "-" "PostmanRuntime/7.28.4"

info: ::1 - - [04/Feb/2022:02:23:05 +0000] "POST /api/v1/users/updatebook/61fc8b2a3f2ecc0bc121352e HTTP/1.1" - - "-" "PostmanRuntime/7.28.4"

info: ::1 - - [04/Feb/2022:02:23:59 +0000] "POST /api/v1/users/updatebook/61fc8b2a3f2ecc0bc121352e HTTP/1.1" - - "-" "PostmanRuntime/7.28.4"

info: ::1 - - [04/Feb/2022:02:27:28 +0000] "POST /api/v1/users/updatebook/61fb742d63352a87405fadb7 HTTP/1.1" - - "-" "PostmanRuntime/7.28.4"

info: ::1 - - [04/Feb/2022:02:27:37 +0000] "DELETE /api/v1/users/trashbook/61fb742d63352a87405fadb7 HTTP/1.1" 500 74 "-" "PostmanRuntime/7.28.4"

info: ::1 - - [04/Feb/2022:02:32:34 +0000] "DELETE /api/v1/users/trashbook/61fb742d63352a87405fadb7 HTTP/1.1" 200 50 "-" "PostmanRuntime/7.28.4"

info: ::1 - - [04/Feb/2022:02:38:11 +0000] "GET /api/v1/users/findallbooks HTTP/1.1" 200 511 "-" "PostmanRuntime/7.28.4"

info: ::1 - - [04/Feb/2022:02:38:39 +0000] "POST /api/v1/users/updatebook/61fb7473a08f4189f6e5852b HTTP/1.1" 200 50 "-" "PostmanRuntime/7.28.4"

info: ::1 - - [04/Feb/2022:02:42:30 +0000] "POST /api/v1/users/updatebook/61fb7473a08f4189f6e5852b HTTP/1.1" 200 50 "-" "PostmanRuntime/7.28.4"

info: ::1 - - [04/Feb/2022:02:43:05 +0000] "POST /api/v1/users/updatebook/61fb7473a08f4189f6e5852b HTTP/1.1" 200 289 "-" "PostmanRuntime/7.28.4"

info: ::1 - - [04/Feb/2022:02:43:52 +0000] "POST /api/v1/users/updatebook/61fb7473a08f4189f6e5852b HTTP/1.1" 200 287 "-" "PostmanRuntime/7.28.4"

info: ::1 - - [04/Feb/2022:02:45:03 +0000] "POST /api/v1/users/updatebook/61fb7473a08f4189f6e5852b HTTP/1.1" 200 62 "-" "PostmanRuntime/7.28.4"

info: ::1 - - [04/Feb/2022:02:45:25 +0000] "POST /api/v1/users/updatebook/61fb7473a08f4189f6e5852b HTTP/1.1" 200 62 "-" "PostmanRuntime/7.28.4"

info: ::1 - - [04/Feb/2022:02:45:49 +0000] "POST /api/v1/users/updatebook/61fb7473a08f4189f6e5852b HTTP/1.1" 200 50 "-" "PostmanRuntime/7.28.4"

