info: Server started at http://localhost:3000/api/v1/ {"timestamp":"2022-02-04T01:54:31.204Z"}
info: Connected to the database. {"timestamp":"2022-02-04T01:54:31.262Z"}
error: 
    status - 500 
    message - TypeError: _joi.default.string(...).require is not a function
    at bookValidator (/home/saeb/Book_Store/Book_Store/build/validators/book.Validator.js:18:40)
    at Layer.handle [as handle_request] (/home/saeb/Book_Store/Book_Store/node_modules/express/lib/router/layer.js:95:5)
    at next (/home/saeb/Book_Store/Book_Store/node_modules/express/lib/router/route.js:137:13)
    at verifyRole (/home/saeb/Book_Store/Book_Store/build/middlewares/auth.middleware.js:46:5)
    at Layer.handle [as handle_request] (/home/saeb/Book_Store/Book_Store/node_modules/express/lib/router/layer.js:95:5)
    at next (/home/saeb/Book_Store/Book_Store/node_modules/express/lib/router/route.js:137:13)
    at /home/saeb/Book_Store/Book_Store/build/middlewares/auth.middleware.js:98:17
    at /home/saeb/Book_Store/Book_Store/node_modules/jsonwebtoken/verify.js:223:12
    at getSecret (/home/saeb/Book_Store/Book_Store/node_modules/jsonwebtoken/verify.js:90:14)
    at Object.module.exports [as verify] (/home/saeb/Book_Store/Book_Store/node_modules/jsonwebtoken/verify.js:94:10)
    at _callee$ (/home/saeb/Book_Store/Book_Store/build/middlewares/auth.middleware.js:90:38)
    at tryCatch (/home/saeb/Book_Store/Book_Store/node_modules/regenerator-runtime/runtime.js:63:40)
    at Generator.invoke [as _invoke] (/home/saeb/Book_Store/Book_Store/node_modules/regenerator-runtime/runtime.js:294:22)
    at Generator.next (/home/saeb/Book_Store/Book_Store/node_modules/regenerator-runtime/runtime.js:119:21)
    at asyncGeneratorStep (/home/saeb/Book_Store/Book_Store/node_modules/@babel/runtime/helpers/asyncToGenerator.js:3:24)
    at _next (/home/saeb/Book_Store/Book_Store/node_modules/@babel/runtime/helpers/asyncToGenerator.js:25:9) 
    url - /api/v1/users/addbook 
    method - POST 
    IP - ::1
   {"timestamp":"2022-02-04T01:55:55.198Z"}
info: Server started at http://localhost:3000/api/v1/ {"timestamp":"2022-02-04T02:05:47.326Z"}
info: Connected to the database. {"timestamp":"2022-02-04T02:05:47.378Z"}
error: 
    status - 500 
    message - ValidationError: "author" is required 
    url - /api/v1/users/addbook 
    method - POST 
    IP - ::1
   {"timestamp":"2022-02-04T02:05:53.894Z"}
info: Server started at http://localhost:3000/api/v1/ {"timestamp":"2022-02-04T02:07:02.469Z"}
info: Connected to the database. {"timestamp":"2022-02-04T02:07:02.518Z"}
info: Server started at http://localhost:3000/api/v1/ {"timestamp":"2022-02-04T02:07:51.815Z"}
info: Connected to the database. {"timestamp":"2022-02-04T02:07:51.870Z"}
error: 
    status - 500 
    message - ValidationError: "author" is required 
    url - /api/v1/users/addbook 
    method - POST 
    IP - ::1
   {"timestamp":"2022-02-04T02:08:00.465Z"}
info: Server started at http://localhost:3000/api/v1/ {"timestamp":"2022-02-04T02:09:53.638Z"}
info: Connected to the database. {"timestamp":"2022-02-04T02:09:53.699Z"}
error: 
    status - 500 
    message - ValidationError: "tilte" is required 
    url - /api/v1/users/addbook 
    method - POST 
    IP - ::1
   {"timestamp":"2022-02-04T02:10:00.662Z"}
info: Server started at http://localhost:3000/api/v1/ {"timestamp":"2022-02-04T02:10:46.231Z"}
info: Connected to the database. {"timestamp":"2022-02-04T02:10:46.294Z"}
info: Server started at http://localhost:3000/api/v1/ {"timestamp":"2022-02-04T02:14:11.956Z"}
info: Connected to the database. {"timestamp":"2022-02-04T02:14:12.032Z"}
info: Server started at http://localhost:3000/api/v1/ {"timestamp":"2022-02-04T02:15:44.293Z"}
info: Connected to the database. {"timestamp":"2022-02-04T02:15:44.342Z"}
info: Server started at http://localhost:3000/api/v1/ {"timestamp":"2022-02-04T02:16:35.117Z"}
info: Connected to the database. {"timestamp":"2022-02-04T02:16:35.176Z"}
info: Server started at http://localhost:3000/api/v1/ {"timestamp":"2022-02-04T02:20:10.289Z"}
info: Connected to the database. {"timestamp":"2022-02-04T02:20:10.361Z"}
info: Server started at http://localhost:3000/api/v1/ {"timestamp":"2022-02-04T02:21:49.276Z"}
info: Connected to the database. {"timestamp":"2022-02-04T02:21:49.326Z"}
info: Server started at http://localhost:3000/api/v1/ {"timestamp":"2022-02-04T02:23:18.076Z"}
info: Connected to the database. {"timestamp":"2022-02-04T02:23:18.135Z"}
info: Server started at http://localhost:3000/api/v1/ {"timestamp":"2022-02-04T02:26:08.148Z"}
info: Connected to the database. {"timestamp":"2022-02-04T02:26:08.192Z"}
error: 
    status - 500 
    message - TypeError: BookService.trashBook is not a function
    at trashBook (/home/saeb/Book_Store/Book_Store/build/controllers/bookstore.controller.js:185:17)
    at Layer.handle [as handle_request] (/home/saeb/Book_Store/Book_Store/node_modules/express/lib/router/layer.js:95:5)
    at next (/home/saeb/Book_Store/Book_Store/node_modules/express/lib/router/route.js:137:13)
    at verifyRole (/home/saeb/Book_Store/Book_Store/build/middlewares/auth.middleware.js:46:5)
    at Layer.handle [as handle_request] (/home/saeb/Book_Store/Book_Store/node_modules/express/lib/router/layer.js:95:5)
    at next (/home/saeb/Book_Store/Book_Store/node_modules/express/lib/router/route.js:137:13)
    at /home/saeb/Book_Store/Book_Store/build/middlewares/auth.middleware.js:98:17
    at /home/saeb/Book_Store/Book_Store/node_modules/jsonwebtoken/verify.js:223:12
    at getSecret (/home/saeb/Book_Store/Book_Store/node_modules/jsonwebtoken/verify.js:90:14)
    at Object.module.exports [as verify] (/home/saeb/Book_Store/Book_Store/node_modules/jsonwebtoken/verify.js:94:10)
    at _callee$ (/home/saeb/Book_Store/Book_Store/build/middlewares/auth.middleware.js:90:38)
    at tryCatch (/home/saeb/Book_Store/Book_Store/node_modules/regenerator-runtime/runtime.js:63:40)
    at Generator.invoke [as _invoke] (/home/saeb/Book_Store/Book_Store/node_modules/regenerator-runtime/runtime.js:294:22)
    at Generator.next (/home/saeb/Book_Store/Book_Store/node_modules/regenerator-runtime/runtime.js:119:21)
    at asyncGeneratorStep (/home/saeb/Book_Store/Book_Store/node_modules/@babel/runtime/helpers/asyncToGenerator.js:3:24)
    at _next (/home/saeb/Book_Store/Book_Store/node_modules/@babel/runtime/helpers/asyncToGenerator.js:25:9) 
    url - /api/v1/users/trashbook/61fb742d63352a87405fadb7 
    method - DELETE 
    IP - ::1
   {"timestamp":"2022-02-04T02:27:37.348Z"}
info: Server started at http://localhost:3000/api/v1/ {"timestamp":"2022-02-04T02:32:28.550Z"}
info: Connected to the database. {"timestamp":"2022-02-04T02:32:28.614Z"}
info: Server started at http://localhost:3000/api/v1/ {"timestamp":"2022-02-04T02:36:31.984Z"}
info: Connected to the database. {"timestamp":"2022-02-04T02:36:32.032Z"}
info: Server started at http://localhost:3000/api/v1/ {"timestamp":"2022-02-04T02:42:23.425Z"}
info: Connected to the database. {"timestamp":"2022-02-04T02:42:23.491Z"}
info: Server started at http://localhost:3000/api/v1/ {"timestamp":"2022-02-04T02:42:50.098Z"}
info: Connected to the database. {"timestamp":"2022-02-04T02:42:50.138Z"}
info: Server started at http://localhost:3000/api/v1/ {"timestamp":"2022-02-04T02:44:26.711Z"}
info: Connected to the database. {"timestamp":"2022-02-04T02:44:26.756Z"}
info: Server started at http://localhost:3000/api/v1/ {"timestamp":"2022-02-04T02:45:43.059Z"}
info: Connected to the database. {"timestamp":"2022-02-04T02:45:43.115Z"}
