info: Server started at http://localhost:3000/api/v1/ {"timestamp":"2022-02-01T10:54:09.948Z"}
info: Connected to the database. {"timestamp":"2022-02-01T10:54:10.031Z"}
info: Server started at http://localhost:3000/api/v1/ {"timestamp":"2022-02-01T13:02:06.290Z"}
info: Connected to the database. {"timestamp":"2022-02-01T13:02:06.337Z"}
info: Server started at http://localhost:3000/api/v1/ {"timestamp":"2022-02-01T13:03:20.067Z"}
info: Connected to the database. {"timestamp":"2022-02-01T13:03:20.116Z"}
info: Server started at http://localhost:3000/api/v1/ {"timestamp":"2022-02-01T13:08:09.717Z"}
info: Connected to the database. {"timestamp":"2022-02-01T13:08:09.797Z"}
info: Server started at http://localhost:3000/api/v1/ {"timestamp":"2022-02-01T13:09:03.421Z"}
info: Connected to the database. {"timestamp":"2022-02-01T13:09:03.499Z"}
info: Server started at http://localhost:3000/api/v1/ {"timestamp":"2022-02-01T13:45:45.128Z"}
info: Connected to the database. {"timestamp":"2022-02-01T13:45:45.192Z"}
error: 
    status - 500 
    message - ReferenceError: jwt is not defined
    at _callee2$ (/home/saeb/Book_Store/Book_Store/build/services/user.service.js:106:13)
    at tryCatch (/home/saeb/Book_Store/Book_Store/node_modules/regenerator-runtime/runtime.js:63:40)
    at Generator.invoke [as _invoke] (/home/saeb/Book_Store/Book_Store/node_modules/regenerator-runtime/runtime.js:294:22)
    at Generator.next (/home/saeb/Book_Store/Book_Store/node_modules/regenerator-runtime/runtime.js:119:21)
    at asyncGeneratorStep (/home/saeb/Book_Store/Book_Store/node_modules/@babel/runtime/helpers/asyncToGenerator.js:3:24)
    at _next (/home/saeb/Book_Store/Book_Store/node_modules/@babel/runtime/helpers/asyncToGenerator.js:25:9) 
    url - /api/v1/users/login 
    method - POST 
    IP - ::1
   {"timestamp":"2022-02-01T13:46:29.619Z"}
info: Server started at http://localhost:3000/api/v1/ {"timestamp":"2022-02-01T13:47:32.372Z"}
info: Connected to the database. {"timestamp":"2022-02-01T13:47:32.430Z"}
error: 
    status - 500 
    message - Error: secretOrPrivateKey must have a value
    at Object.module.exports [as sign] (/home/saeb/Book_Store/Book_Store/node_modules/jsonwebtoken/sign.js:107:20)
    at _callee2$ (/home/saeb/Book_Store/Book_Store/build/services/user.service.js:108:46)
    at tryCatch (/home/saeb/Book_Store/Book_Store/node_modules/regenerator-runtime/runtime.js:63:40)
    at Generator.invoke [as _invoke] (/home/saeb/Book_Store/Book_Store/node_modules/regenerator-runtime/runtime.js:294:22)
    at Generator.next (/home/saeb/Book_Store/Book_Store/node_modules/regenerator-runtime/runtime.js:119:21)
    at asyncGeneratorStep (/home/saeb/Book_Store/Book_Store/node_modules/@babel/runtime/helpers/asyncToGenerator.js:3:24)
    at _next (/home/saeb/Book_Store/Book_Store/node_modules/@babel/runtime/helpers/asyncToGenerator.js:25:9) 
    url - /api/v1/users/login 
    method - POST 
    IP - ::1
   {"timestamp":"2022-02-01T13:47:38.638Z"}
info: Server started at http://localhost:3000/api/v1/ {"timestamp":"2022-02-01T13:49:39.566Z"}
info: Connected to the database. {"timestamp":"2022-02-01T13:49:39.621Z"}
info: Server started at http://localhost:3000/api/v1/ {"timestamp":"2022-02-01T14:06:31.323Z"}
info: Connected to the database. {"timestamp":"2022-02-01T14:06:31.377Z"}
error: 
    status - 500 
    message - Error: data and hash arguments required
    at Object.compare (/home/saeb/Book_Store/Book_Store/node_modules/bcrypt/bcrypt.js:208:17)
    at /home/saeb/Book_Store/Book_Store/node_modules/bcrypt/promises.js:29:12
    at new Promise (<anonymous>)
    at Object.module.exports.promise (/home/saeb/Book_Store/Book_Store/node_modules/bcrypt/promises.js:20:12)
    at Object.compare (/home/saeb/Book_Store/Book_Store/node_modules/bcrypt/bcrypt.js:204:25)
    at _callee2$ (/home/saeb/Book_Store/Book_Store/build/services/user.service.js:98:39)
    at tryCatch (/home/saeb/Book_Store/Book_Store/node_modules/regenerator-runtime/runtime.js:63:40)
    at Generator.invoke [as _invoke] (/home/saeb/Book_Store/Book_Store/node_modules/regenerator-runtime/runtime.js:294:22)
    at Generator.next (/home/saeb/Book_Store/Book_Store/node_modules/regenerator-runtime/runtime.js:119:21)
    at asyncGeneratorStep (/home/saeb/Book_Store/Book_Store/node_modules/@babel/runtime/helpers/asyncToGenerator.js:3:24)
    at _next (/home/saeb/Book_Store/Book_Store/node_modules/@babel/runtime/helpers/asyncToGenerator.js:25:9)
    at processTicksAndRejections (node:internal/process/task_queues:96:5) 
    url - /api/v1/users/forgotpassword 
    method - POST 
    IP - ::1
   {"timestamp":"2022-02-01T14:06:52.110Z"}
info: Server started at http://localhost:3000/api/v1/ {"timestamp":"2022-02-01T14:08:06.899Z"}
info: Connected to the database. {"timestamp":"2022-02-01T14:08:06.971Z"}
error: 
    status - 500 
    message - Error: data and hash arguments required
    at Object.compare (/home/saeb/Book_Store/Book_Store/node_modules/bcrypt/bcrypt.js:208:17)
    at /home/saeb/Book_Store/Book_Store/node_modules/bcrypt/promises.js:29:12
    at new Promise (<anonymous>)
    at Object.module.exports.promise (/home/saeb/Book_Store/Book_Store/node_modules/bcrypt/promises.js:20:12)
    at Object.compare (/home/saeb/Book_Store/Book_Store/node_modules/bcrypt/bcrypt.js:204:25)
    at _callee2$ (/home/saeb/Book_Store/Book_Store/build/services/user.service.js:98:39)
    at tryCatch (/home/saeb/Book_Store/Book_Store/node_modules/regenerator-runtime/runtime.js:63:40)
    at Generator.invoke [as _invoke] (/home/saeb/Book_Store/Book_Store/node_modules/regenerator-runtime/runtime.js:294:22)
    at Generator.next (/home/saeb/Book_Store/Book_Store/node_modules/regenerator-runtime/runtime.js:119:21)
    at asyncGeneratorStep (/home/saeb/Book_Store/Book_Store/node_modules/@babel/runtime/helpers/asyncToGenerator.js:3:24)
    at _next (/home/saeb/Book_Store/Book_Store/node_modules/@babel/runtime/helpers/asyncToGenerator.js:25:9)
    at processTicksAndRejections (node:internal/process/task_queues:96:5) 
    url - /api/v1/users/forgotpassword 
    method - POST 
    IP - ::1
   {"timestamp":"2022-02-01T14:08:13.141Z"}
info: Server started at http://localhost:3000/api/v1/ {"timestamp":"2022-02-01T14:09:15.141Z"}
info: Connected to the database. {"timestamp":"2022-02-01T14:09:15.191Z"}
error: 
    status - 500 
    message - Error: data and hash arguments required
    at Object.compare (/home/saeb/Book_Store/Book_Store/node_modules/bcrypt/bcrypt.js:208:17)
    at /home/saeb/Book_Store/Book_Store/node_modules/bcrypt/promises.js:29:12
    at new Promise (<anonymous>)
    at Object.module.exports.promise (/home/saeb/Book_Store/Book_Store/node_modules/bcrypt/promises.js:20:12)
    at Object.compare (/home/saeb/Book_Store/Book_Store/node_modules/bcrypt/bcrypt.js:204:25)
    at _callee2$ (/home/saeb/Book_Store/Book_Store/build/services/user.service.js:98:39)
    at tryCatch (/home/saeb/Book_Store/Book_Store/node_modules/regenerator-runtime/runtime.js:63:40)
    at Generator.invoke [as _invoke] (/home/saeb/Book_Store/Book_Store/node_modules/regenerator-runtime/runtime.js:294:22)
    at Generator.next (/home/saeb/Book_Store/Book_Store/node_modules/regenerator-runtime/runtime.js:119:21)
    at asyncGeneratorStep (/home/saeb/Book_Store/Book_Store/node_modules/@babel/runtime/helpers/asyncToGenerator.js:3:24)
    at _next (/home/saeb/Book_Store/Book_Store/node_modules/@babel/runtime/helpers/asyncToGenerator.js:25:9)
    at processTicksAndRejections (node:internal/process/task_queues:96:5) 
    url - /api/v1/users/forgotpassword 
    method - POST 
    IP - ::1
   {"timestamp":"2022-02-01T14:09:17.787Z"}
info: Server started at http://localhost:3000/api/v1/ {"timestamp":"2022-02-01T14:10:34.027Z"}
info: Connected to the database. {"timestamp":"2022-02-01T14:10:34.096Z"}
info: Server started at http://localhost:3000/api/v1/ {"timestamp":"2022-02-01T14:18:12.907Z"}
info: Connected to the database. {"timestamp":"2022-02-01T14:18:12.976Z"}
info: Server started at http://localhost:3000/api/v1/ {"timestamp":"2022-02-01T14:21:35.629Z"}
info: Connected to the database. {"timestamp":"2022-02-01T14:21:35.678Z"}
info: Server started at http://localhost:3000/api/v1/ {"timestamp":"2022-02-01T14:23:43.727Z"}
info: Connected to the database. {"timestamp":"2022-02-01T14:23:43.784Z"}
info: Server started at http://localhost:3000/api/v1/ {"timestamp":"2022-02-01T14:24:53.936Z"}
info: Connected to the database. {"timestamp":"2022-02-01T14:24:53.983Z"}
info: Server started at http://localhost:3000/api/v1/ {"timestamp":"2022-02-01T14:38:50.434Z"}
info: Connected to the database. {"timestamp":"2022-02-01T14:38:50.485Z"}
info: Server started at http://localhost:3000/api/v1/ {"timestamp":"2022-02-01T14:43:01.343Z"}
info: Connected to the database. {"timestamp":"2022-02-01T14:43:01.402Z"}
info: Server started at http://localhost:3000/api/v1/ {"timestamp":"2022-02-01T14:44:10.525Z"}
info: Connected to the database. {"timestamp":"2022-02-01T14:44:10.584Z"}
info: Server started at http://localhost:3000/api/v1/ {"timestamp":"2022-02-01T14:46:02.004Z"}
info: Connected to the database. {"timestamp":"2022-02-01T14:46:02.063Z"}
info: Server started at http://localhost:3000/api/v1/ {"timestamp":"2022-02-01T14:46:51.511Z"}
info: Connected to the database. {"timestamp":"2022-02-01T14:46:51.563Z"}
info: Server started at http://localhost:3000/api/v1/ {"timestamp":"2022-02-01T14:47:51.638Z"}
info: Connected to the database. {"timestamp":"2022-02-01T14:47:51.688Z"}
info: Server started at http://localhost:3000/api/v1/ {"timestamp":"2022-02-01T14:49:46.154Z"}
info: Connected to the database. {"timestamp":"2022-02-01T14:49:46.207Z"}
info: Server started at http://localhost:3000/api/v1/ {"timestamp":"2022-02-01T14:57:19.526Z"}
info: Connected to the database. {"timestamp":"2022-02-01T14:57:19.583Z"}
info: Server started at http://localhost:3000/api/v1/ {"timestamp":"2022-02-01T15:00:53.994Z"}
info: Connected to the database. {"timestamp":"2022-02-01T15:00:54.044Z"}
info: Server started at http://localhost:3000/api/v1/ {"timestamp":"2022-02-01T15:02:48.514Z"}
info: Connected to the database. {"timestamp":"2022-02-01T15:02:48.573Z"}
info: Server started at http://localhost:3000/api/v1/ {"timestamp":"2022-02-01T15:42:26.576Z"}
info: Connected to the database. {"timestamp":"2022-02-01T15:42:26.639Z"}
info: Server started at http://localhost:3000/api/v1/ {"timestamp":"2022-02-01T16:07:15.357Z"}
info: Connected to the database. {"timestamp":"2022-02-01T16:07:15.412Z"}
info: Server started at http://localhost:3000/api/v1/ {"timestamp":"2022-02-01T16:11:47.310Z"}
info: Connected to the database. {"timestamp":"2022-02-01T16:11:47.362Z"}
info: Server started at http://localhost:3000/api/v1/ {"timestamp":"2022-02-01T16:13:23.191Z"}
info: Connected to the database. {"timestamp":"2022-02-01T16:13:23.301Z"}
info: Server started at http://localhost:3000/api/v1/ {"timestamp":"2022-02-01T16:18:37.351Z"}
info: Connected to the database. {"timestamp":"2022-02-01T16:18:37.413Z"}
info: Server started at http://localhost:3000/api/v1/ {"timestamp":"2022-02-01T16:19:11.566Z"}
info: Connected to the database. {"timestamp":"2022-02-01T16:19:11.613Z"}
info: Server started at http://localhost:3000/api/v1/ {"timestamp":"2022-02-01T16:19:50.766Z"}
info: Connected to the database. {"timestamp":"2022-02-01T16:19:50.876Z"}
info: Server started at http://localhost:3000/api/v1/ {"timestamp":"2022-02-01T16:20:49.849Z"}
info: Connected to the database. {"timestamp":"2022-02-01T16:20:49.892Z"}
info: Server started at http://localhost:3000/api/v1/ {"timestamp":"2022-02-01T16:21:37.346Z"}
info: Connected to the database. {"timestamp":"2022-02-01T16:21:37.395Z"}
info: Server started at http://localhost:3000/api/v1/ {"timestamp":"2022-02-01T16:22:25.320Z"}
info: Connected to the database. {"timestamp":"2022-02-01T16:22:25.372Z"}
