error: 
    status - 500 
    message - ValidationError: "email" with value "findjassi121212@gmail.com" fails to match the required pattern: /^[a-zA-z]{2}([+-_ .][a-zA-Z0-9]+)[@][a-zA-z0-9]+(.[a-z]{2,3})*$/ 
    url - /api/v1/users/user 
    method - POST 
    IP - ::1
   {"timestamp":"2022-01-29T04:04:51.601Z"}
error: 
    status - 500 
    message - ValidationError: "email" with value "findjassi121212@gmail.com" fails to match the required pattern: /^[a-zA-z]{2}([+-_ .][a-zA-Z0-9]+)[@][a-zA-z0-9]+(.[a-z]{2,3})*$/ 
    url - /api/v1/users/user 
    method - POST 
    IP - ::1
   {"timestamp":"2022-01-29T04:05:11.203Z"}
error: 
    status - 500 
    message - ValidationError: "password" with value "123456@Aa" fails to match the required pattern: /^(?=.[a-z])(?=.[A-Z])(?=.[0-9])(?=.[!@#$%^&*])(?=.{8,})/ 
    url - /api/v1/users/user 
    method - POST 
    IP - ::1
   {"timestamp":"2022-01-29T04:38:44.313Z"}
error: 
    status - 500 
    message - ValidationError: "password" with value "123456Aa" fails to match the required pattern: /^(?=.[a-z])(?=.[A-Z])(?=.[0-9])(?=.[!@#$%^&*])(?=.{8,})/ 
    url - /api/v1/users/user 
    method - POST 
    IP - ::1
   {"timestamp":"2022-01-29T04:38:53.122Z"}
error: 
    status - 500 
    message - ValidationError: "password" with value "Jassi@1234" fails to match the required pattern: /^(?=.[a-z])(?=.[A-Z])(?=.[0-9])(?=.[!@#$%^&*])(?=.{8,})/ 
    url - /api/v1/users/user 
    method - POST 
    IP - ::1
   {"timestamp":"2022-01-29T04:39:42.017Z"}
error: 
    status - 500 
    message - ValidationError: "password" with value "jassi@1234" fails to match the required pattern: /^(?=.[a-z])(?=.[A-Z])(?=.[0-9])(?=.[!@#$%^&*])(?=.{8,})/ 
    url - /api/v1/users/user 
    method - POST 
    IP - ::1
   {"timestamp":"2022-01-29T04:39:53.006Z"}
error: 
    status - 500 
    message - ValidationError: "password" with value "jassi@1234" fails to match the required pattern: /^(?=.[a-z])(?=.[A-Z])(?=.[0-9])(?=.[!@#$%^&*])(?=.{8,})/ 
    url - /api/v1/users/admin 
    method - POST 
    IP - ::1
   {"timestamp":"2022-01-29T04:40:21.320Z"}
error: 
    status - 500 
    message - ValidationError: "password" with value "Aads@1234" fails to match the required pattern: /^(?=.[a-z])(?=.[A-Z])(?=.[0-9])(?=.[!@#$%^&*])(?=.{8,})/ 
    url - /api/v1/users/admin 
    method - POST 
    IP - ::1
   {"timestamp":"2022-01-29T04:45:52.200Z"}
error: 
    status - 500 
    message - ValidationError: "password" with value "123456@Aa" fails to match the required pattern: /^(?=.[a-z])(?=.[A-Z])(?=.[0-9])(?=.[!@#$%^&*])(?=.{8,})/ 
    url - /api/v1/users/admin 
    method - POST 
    IP - ::1
   {"timestamp":"2022-01-29T04:46:27.386Z"}
error: 
    status - 500 
    message - ValidationError: "email" with value "findjassi121212@gmail.com" fails to match the required pattern: /^[a-zA-z]{2}([+-_ .][a-zA-Z0-9]+)[@][a-zA-z0-9]+(.[a-z]{2,3})*$/ 
    url - /api/v1/users/admin 
    method - POST 
    IP - ::1
   {"timestamp":"2022-01-29T04:46:57.704Z"}
error: 
    status - 500 
    message - ValidationError: "password" with value "Jassi@123" fails to match the required pattern: /^(?=.[a-z])(?=.[A-Z])(?=.[0-9])(?=.[!@#$%^&*])(?=.{8,})/ 
    url - /api/v1/users/admin 
    method - POST 
    IP - ::1
   {"timestamp":"2022-01-29T04:47:58.689Z"}
error: 
    status - 500 
    message - ValidationError: "password" with value "Akash@123" fails to match the required pattern: /^(?=.[a-z])(?=.[A-Z])(?=.[0-9])(?=.[!@#$%^&*])(?=.{8,})/ 
    url - /api/v1/users/admin 
    method - POST 
    IP - ::1
   {"timestamp":"2022-01-29T04:48:10.499Z"}
error: 
    status - 500 
    message - TypeError: Cannot read property 'then' of undefined
    at newUser (/home/wahegurusabtera/BookStore/bookStore/build/controllers/user.controller.js:74:34)
    at Layer.handle [as handle_request] (/home/wahegurusabtera/BookStore/bookStore/node_modules/express/lib/router/layer.js:95:5)
    at next (/home/wahegurusabtera/BookStore/bookStore/node_modules/express/lib/router/route.js:137:13)
    at /home/wahegurusabtera/BookStore/bookStore/build/middlewares/auth.middleware.js:12:5
    at Layer.handle [as handle_request] (/home/wahegurusabtera/BookStore/bookStore/node_modules/express/lib/router/layer.js:95:5)
    at next (/home/wahegurusabtera/BookStore/bookStore/node_modules/express/lib/router/route.js:137:13)
    at newUserValidator (/home/wahegurusabtera/BookStore/bookStore/build/validators/user.validator.js:29:5)
    at Layer.handle [as handle_request] (/home/wahegurusabtera/BookStore/bookStore/node_modules/express/lib/router/layer.js:95:5)
    at next (/home/wahegurusabtera/BookStore/bookStore/node_modules/express/lib/router/route.js:137:13)
    at Route.dispatch (/home/wahegurusabtera/BookStore/bookStore/node_modules/express/lib/router/route.js:112:3)
    at Layer.handle [as handle_request] (/home/wahegurusabtera/BookStore/bookStore/node_modules/express/lib/router/layer.js:95:5)
    at /home/wahegurusabtera/BookStore/bookStore/node_modules/express/lib/router/index.js:281:22
    at Function.process_params (/home/wahegurusabtera/BookStore/bookStore/node_modules/express/lib/router/index.js:341:12)
    at next (/home/wahegurusabtera/BookStore/bookStore/node_modules/express/lib/router/index.js:275:10)
    at Function.handle (/home/wahegurusabtera/BookStore/bookStore/node_modules/express/lib/router/index.js:174:3)
    at router (/home/wahegurusabtera/BookStore/bookStore/node_modules/express/lib/router/index.js:47:12) 
    url - /api/v1/users/admin 
    method - POST 
    IP - ::1
   {"timestamp":"2022-01-29T04:49:55.570Z"}
error: 
      status - 11000
      message - E11000 duplicate key error collection: Books.users index: email_1 dup key: { : "js4770563@gmail.com" } 
      url - /api/v1/users/admin 
      method - POST 
      IP - ::1
     {"timestamp":"2022-01-29T04:53:10.032Z"}
error: 
    status - 500 
    message - RangeError [ERR_HTTP_INVALID_STATUS_CODE]: Invalid status code: 11000
    at new NodeError (internal/errors.js:322:7)
    at ServerResponse.writeHead (_http_server.js:259:11)
    at ServerResponse.writeHead (/home/wahegurusabtera/BookStore/bookStore/node_modules/on-headers/index.js:44:26)
    at ServerResponse._implicitHeader (_http_server.js:250:8)
    at write_ (_http_outgoing.js:711:9)
    at ServerResponse.end (_http_outgoing.js:825:5)
    at ServerResponse.send (/home/wahegurusabtera/BookStore/bookStore/node_modules/express/lib/response.js:221:10)
    at ServerResponse.json (/home/wahegurusabtera/BookStore/bookStore/node_modules/express/lib/response.js:267:15)
    at appErrorHandler (/home/wahegurusabtera/BookStore/bookStore/build/middlewares/error.middleware.js:43:26)
    at Layer.handle_error (/home/wahegurusabtera/BookStore/bookStore/node_modules/express/lib/router/layer.js:71:5)
    at trim_prefix (/home/wahegurusabtera/BookStore/bookStore/node_modules/express/lib/router/index.js:321:13)
    at /home/wahegurusabtera/BookStore/bookStore/node_modules/express/lib/router/index.js:284:7
    at Function.process_params (/home/wahegurusabtera/BookStore/bookStore/node_modules/express/lib/router/index.js:341:12)
    at Immediate.next (/home/wahegurusabtera/BookStore/bookStore/node_modules/express/lib/router/index.js:275:10)
    at Immediate._onImmediate (/home/wahegurusabtera/BookStore/bookStore/node_modules/express/lib/router/index.js:641:15)
    at processImmediate (internal/timers.js:466:21) 
    url - /api/v1/users/admin 
    method - POST 
    IP - ::1
   {"timestamp":"2022-01-29T04:53:10.046Z"}
error: 
      status - 11000
      message - E11000 duplicate key error collection: Books.users index: email_1 dup key: { : "js4770563@gmail.com" } 
      url - /api/v1/users/user 
      method - POST 
      IP - ::1
     {"timestamp":"2022-01-29T04:53:25.629Z"}
error: 
    status - 500 
    message - RangeError [ERR_HTTP_INVALID_STATUS_CODE]: Invalid status code: 11000
    at new NodeError (internal/errors.js:322:7)
    at ServerResponse.writeHead (_http_server.js:259:11)
    at ServerResponse.writeHead (/home/wahegurusabtera/BookStore/bookStore/node_modules/on-headers/index.js:44:26)
    at ServerResponse._implicitHeader (_http_server.js:250:8)
    at write_ (_http_outgoing.js:711:9)
    at ServerResponse.end (_http_outgoing.js:825:5)
    at ServerResponse.send (/home/wahegurusabtera/BookStore/bookStore/node_modules/express/lib/response.js:221:10)
    at ServerResponse.json (/home/wahegurusabtera/BookStore/bookStore/node_modules/express/lib/response.js:267:15)
    at appErrorHandler (/home/wahegurusabtera/BookStore/bookStore/build/middlewares/error.middleware.js:43:26)
    at Layer.handle_error (/home/wahegurusabtera/BookStore/bookStore/node_modules/express/lib/router/layer.js:71:5)
    at trim_prefix (/home/wahegurusabtera/BookStore/bookStore/node_modules/express/lib/router/index.js:321:13)
    at /home/wahegurusabtera/BookStore/bookStore/node_modules/express/lib/router/index.js:284:7
    at Function.process_params (/home/wahegurusabtera/BookStore/bookStore/node_modules/express/lib/router/index.js:341:12)
    at Immediate.next (/home/wahegurusabtera/BookStore/bookStore/node_modules/express/lib/router/index.js:275:10)
    at Immediate._onImmediate (/home/wahegurusabtera/BookStore/bookStore/node_modules/express/lib/router/index.js:641:15)
    at processImmediate (internal/timers.js:466:21) 
    url - /api/v1/users/user 
    method - POST 
    IP - ::1
   {"timestamp":"2022-01-29T04:53:25.634Z"}
error: 
      status - 11000
      message - E11000 duplicate key error collection: Books.users index: email_1 dup key: { : "js4770563@gmail.com" } 
      url - /api/v1/users/user 
      method - POST 
      IP - ::1
     {"timestamp":"2022-01-29T04:53:49.876Z"}
error: 
    status - 500 
    message - RangeError [ERR_HTTP_INVALID_STATUS_CODE]: Invalid status code: 11000
    at new NodeError (internal/errors.js:322:7)
    at ServerResponse.writeHead (_http_server.js:259:11)
    at ServerResponse.writeHead (/home/wahegurusabtera/BookStore/bookStore/node_modules/on-headers/index.js:44:26)
    at ServerResponse._implicitHeader (_http_server.js:250:8)
    at write_ (_http_outgoing.js:711:9)
    at ServerResponse.end (_http_outgoing.js:825:5)
    at ServerResponse.send (/home/wahegurusabtera/BookStore/bookStore/node_modules/express/lib/response.js:221:10)
    at ServerResponse.json (/home/wahegurusabtera/BookStore/bookStore/node_modules/express/lib/response.js:267:15)
    at appErrorHandler (/home/wahegurusabtera/BookStore/bookStore/build/middlewares/error.middleware.js:43:26)
    at Layer.handle_error (/home/wahegurusabtera/BookStore/bookStore/node_modules/express/lib/router/layer.js:71:5)
    at trim_prefix (/home/wahegurusabtera/BookStore/bookStore/node_modules/express/lib/router/index.js:321:13)
    at /home/wahegurusabtera/BookStore/bookStore/node_modules/express/lib/router/index.js:284:7
    at Function.process_params (/home/wahegurusabtera/BookStore/bookStore/node_modules/express/lib/router/index.js:341:12)
    at Immediate.next (/home/wahegurusabtera/BookStore/bookStore/node_modules/express/lib/router/index.js:275:10)
    at Immediate._onImmediate (/home/wahegurusabtera/BookStore/bookStore/node_modules/express/lib/router/index.js:641:15)
    at processImmediate (internal/timers.js:466:21) 
    url - /api/v1/users/user 
    method - POST 
    IP - ::1
   {"timestamp":"2022-01-29T04:53:49.884Z"}
error: 
    status - 500 
    message - ValidationError: "email" with value "findjassi121212@gmail.com" fails to match the required pattern: /^[a-zA-z]{2}([+-_ .][a-zA-Z0-9]+)[@][a-zA-z0-9]+(.[a-z]{2,3})*$/ 
    url - /api/v1/users/user 
    method - POST 
    IP - ::1
   {"timestamp":"2022-01-29T04:58:56.012Z"}
error: 
    status - 500 
    message - ValidationError: "email" with value "findjassi1212121233@gmail.com" fails to match the required pattern: /^[a-zA-z]{2}([+-_ .][a-zA-Z0-9]+)[@][a-zA-z0-9]+(.[a-z]{2,3})*$/ 
    url - /api/v1/users/user 
    method - POST 
    IP - ::1
   {"timestamp":"2022-01-29T04:59:24.825Z"}
error: 
    status - 500 
    message - ValidationError: "email" with value "findjassi1212121233@gmail.com" fails to match the required pattern: /^[a-zA-z]{2}([+-_ .][a-zA-Z0-9]+)[@][a-zA-z0-9]+(.[a-z]{2,3})*$/ 
    url - /api/v1/users/user 
    method - POST 
    IP - ::1
   {"timestamp":"2022-01-29T05:03:00.137Z"}
error: 
    status - 500 
    message - ValidationError: "email" with value "findjassi1212121233@gmail.com" fails to match the required pattern: /^[a-zA-z]{2}([+-_ .][a-zA-Z0-9]+)[@][a-zA-z0-9]+(.[a-z]{2,3})*$/ 
    url - /api/v1/users/user 
    method - POST 
    IP - ::1
   {"timestamp":"2022-01-29T05:04:39.029Z"}
error: 
    status - 500 
    message - ValidationError: "email" with value "findjassi121212@gmail.com" fails to match the required pattern: /^[a-zA-z]{2}([+-_ .][a-zA-Z0-9]+)[@][a-zA-z0-9]+(.[a-z]{2,3})*$/ 
    url - /api/v1/users/user 
    method - POST 
    IP - ::1
   {"timestamp":"2022-01-29T05:04:56.671Z"}
error: 
    status - 500 
    message - ValidationError: "email" with value "findjassi121212@gmail.com" fails to match the required pattern: /^[a-zA-z]{2}([+-_ .][a-zA-Z0-9]+)[@][a-zA-z0-9]+(.[a-z]{2,3})*$/ 
    url - /api/v1/users/user 
    method - POST 
    IP - ::1
   {"timestamp":"2022-01-29T05:05:33.225Z"}
error: 
    status - 500 
    message - ValidationError: "email" with value "findjassi121212@gmail.com" fails to match the required pattern: /^[a-zA-z]{2}([+-_ .][a-zA-Z0-9]+)[@][a-zA-z0-9]+(.[a-z]{2,3})*$/ 
    url - /api/v1/users/admin 
    method - POST 
    IP - ::1
   {"timestamp":"2022-01-29T05:05:52.127Z"}
error: 
    status - 500 
    message - ValidationError: "email" with value "findjassi121212@gmail.com" fails to match the required pattern: /^[a-zA-z]{2}([+-_ .][a-zA-Z0-9]+)[@][a-zA-z0-9]+(.[a-z]{2,3})*$/ 
    url - /api/v1/users/admin 
    method - POST 
    IP - ::1
   {"timestamp":"2022-01-29T05:06:07.953Z"}
error: 
    status - 500 
    message - ValidationError: "password" with value "456783@Aa" fails to match the required pattern: /^(?=.[a-z])(?=.[A-Z])(?=.[0-9])(?=.[!@#$%^&*])(?=.{8,})/ 
    url - /api/v1/users/user 
    method - POST 
    IP - ::1
   {"timestamp":"2022-01-29T05:08:18.038Z"}
error: 
      status - 11000
      message - E11000 duplicate key error collection: Books.users index: email_1 dup key: { : "findjassi121212@gmail.com" } 
      url - /api/v1/users/admin 
      method - POST 
      IP - ::1
     {"timestamp":"2022-01-29T05:09:31.722Z"}
error: 
    status - 500 
    message - RangeError [ERR_HTTP_INVALID_STATUS_CODE]: Invalid status code: 11000
    at new NodeError (internal/errors.js:322:7)
    at ServerResponse.writeHead (_http_server.js:259:11)
    at ServerResponse.writeHead (/home/wahegurusabtera/BookStore/bookStore/node_modules/on-headers/index.js:44:26)
    at ServerResponse._implicitHeader (_http_server.js:250:8)
    at write_ (_http_outgoing.js:711:9)
    at ServerResponse.end (_http_outgoing.js:825:5)
    at ServerResponse.send (/home/wahegurusabtera/BookStore/bookStore/node_modules/express/lib/response.js:221:10)
    at ServerResponse.json (/home/wahegurusabtera/BookStore/bookStore/node_modules/express/lib/response.js:267:15)
    at appErrorHandler (/home/wahegurusabtera/BookStore/bookStore/build/middlewares/error.middleware.js:43:26)
    at Layer.handle_error (/home/wahegurusabtera/BookStore/bookStore/node_modules/express/lib/router/layer.js:71:5)
    at trim_prefix (/home/wahegurusabtera/BookStore/bookStore/node_modules/express/lib/router/index.js:321:13)
    at /home/wahegurusabtera/BookStore/bookStore/node_modules/express/lib/router/index.js:284:7
    at Function.process_params (/home/wahegurusabtera/BookStore/bookStore/node_modules/express/lib/router/index.js:341:12)
    at Immediate.next (/home/wahegurusabtera/BookStore/bookStore/node_modules/express/lib/router/index.js:275:10)
    at Immediate._onImmediate (/home/wahegurusabtera/BookStore/bookStore/node_modules/express/lib/router/index.js:641:15)
    at processImmediate (internal/timers.js:466:21) 
    url - /api/v1/users/admin 
    method - POST 
    IP - ::1
   {"timestamp":"2022-01-29T05:09:31.728Z"}
error: 
      status - 11000
      message - E11000 duplicate key error collection: Books.users index: email_1 dup key: { : "findjassi121212@gmail.com" } 
      url - /api/v1/users/admin 
      method - POST 
      IP - ::1
     {"timestamp":"2022-01-29T05:09:49.062Z"}
error: 
    status - 500 
    message - RangeError [ERR_HTTP_INVALID_STATUS_CODE]: Invalid status code: 11000
    at new NodeError (internal/errors.js:322:7)
    at ServerResponse.writeHead (_http_server.js:259:11)
    at ServerResponse.writeHead (/home/wahegurusabtera/BookStore/bookStore/node_modules/on-headers/index.js:44:26)
    at ServerResponse._implicitHeader (_http_server.js:250:8)
    at write_ (_http_outgoing.js:711:9)
    at ServerResponse.end (_http_outgoing.js:825:5)
    at ServerResponse.send (/home/wahegurusabtera/BookStore/bookStore/node_modules/express/lib/response.js:221:10)
    at ServerResponse.json (/home/wahegurusabtera/BookStore/bookStore/node_modules/express/lib/response.js:267:15)
    at appErrorHandler (/home/wahegurusabtera/BookStore/bookStore/build/middlewares/error.middleware.js:43:26)
    at Layer.handle_error (/home/wahegurusabtera/BookStore/bookStore/node_modules/express/lib/router/layer.js:71:5)
    at trim_prefix (/home/wahegurusabtera/BookStore/bookStore/node_modules/express/lib/router/index.js:321:13)
    at /home/wahegurusabtera/BookStore/bookStore/node_modules/express/lib/router/index.js:284:7
    at Function.process_params (/home/wahegurusabtera/BookStore/bookStore/node_modules/express/lib/router/index.js:341:12)
    at Immediate.next (/home/wahegurusabtera/BookStore/bookStore/node_modules/express/lib/router/index.js:275:10)
    at Immediate._onImmediate (/home/wahegurusabtera/BookStore/bookStore/node_modules/express/lib/router/index.js:641:15)
    at processImmediate (internal/timers.js:466:21) 
    url - /api/v1/users/admin 
    method - POST 
    IP - ::1
   {"timestamp":"2022-01-29T05:09:49.070Z"}
